
---------------------------
Generating Utatane started.
---------------------------

--------------------------------------------
modify latin : UbuntuMono-Regular_modify.ttf
--------------------------------------------

------------------------------------------
modify jp : YasashisaGothicBold-V2_-30.ttf
------------------------------------------

----------------------------------------------------------------------------------------
merge modified UbuntuMono-Regular_modify.ttf and modified YasashisaGothicBold-V2_-30.ttf
----------------------------------------------------------------------------------------

++ post processing ... (This may take a few minutes.)

---------------------------------------------------------------------------------------------
fix xAvgCharWidth: ./sourceFonts/YasashisaGothicBold-V2_-30.ttf to ./dist/Utatane-Regular.ttf
---------------------------------------------------------------------------------------------

-----------------------------------
Generate Utatane-Regular completed.
-----------------------------------

-----------------------------------------
modify latin : UbuntuMono-Bold_modify.ttf
-----------------------------------------

--------------------------------------
modify jp : YasashisaGothicBold-V2.ttf
--------------------------------------

---------------------------------------------------------------------------------
merge modified UbuntuMono-Bold_modify.ttf and modified YasashisaGothicBold-V2.ttf
---------------------------------------------------------------------------------

++ post processing ... (This may take a few minutes.)

--------------------------------------------------------------------------------------
fix xAvgCharWidth: ./sourceFonts/YasashisaGothicBold-V2.ttf to ./dist/Utatane-Bold.ttf
--------------------------------------------------------------------------------------

--------------------------------
Generate Utatane-Bold completed.
--------------------------------

-----------
Succeeded!!
-----------
